<?xml version="1.0" encoding="UTF-8"?>
<testng-results skipped="0" failed="0" total="1" passed="1">
  <reporter-output>
  </reporter-output>
  <suite name="Sample_Test" duration-ms="14011" started-at="2014-09-12T17:04:18Z" finished-at="2014-09-12T17:04:32Z">
    <groups>
    </groups>
    <test name="Sample_Test" duration-ms="14011" started-at="2014-09-12T17:04:18Z" finished-at="2014-09-12T17:04:32Z">
      <class name="sampleFramework.SampleTest">
        <test-method status="PASS" signature="setup()[pri:0, instance:sampleFramework.SampleTest@c818063]" name="setup" is-config="true" duration-ms="2237" started-at="2014-09-12T10:04:18Z" finished-at="2014-09-12T10:04:20Z">
          <reporter-output>
          </reporter-output>
        </test-method> <!-- setup -->
        <test-method status="PASS" signature="SearchAssistTest()[pri:0, instance:sampleFramework.SampleTest@c818063]" name="SearchAssistTest" duration-ms="11688" started-at="2014-09-12T10:04:20Z" finished-at="2014-09-12T10:04:32Z">
          <reporter-output>
          </reporter-output>
        </test-method> <!-- SearchAssistTest -->
        <test-method status="PASS" signature="tearDown()[pri:0, instance:sampleFramework.SampleTest@c818063]" name="tearDown" is-config="true" duration-ms="74" started-at="2014-09-12T10:04:32Z" finished-at="2014-09-12T10:04:32Z">
          <reporter-output>
          </reporter-output>
        </test-method> <!-- tearDown -->
      </class> <!-- sampleFramework.SampleTest -->
    </test> <!-- Sample_Test -->
  </suite> <!-- Sample_Test -->
</testng-results>
