<?xml version="1.0" encoding="UTF-8"?>
<testng-results skipped="0" failed="0" total="1" passed="1">
  <reporter-output>
  </reporter-output>
  <suite name="Default suite" duration-ms="14153" started-at="2014-05-25T21:40:01Z" finished-at="2014-05-25T21:40:15Z">
    <groups>
    </groups>
    <test name="Default test" duration-ms="14153" started-at="2014-05-25T21:40:01Z" finished-at="2014-05-25T21:40:15Z">
      <class name="sampleFramework.SampleTest">
        <test-method status="PASS" signature="setup()[pri:0, instance:sampleFramework.SampleTest@5c33e2dc]" name="setup" is-config="true" duration-ms="2758" started-at="2014-05-25T14:40:01Z" finished-at="2014-05-25T14:40:04Z">
          <reporter-output>
          </reporter-output>
        </test-method> <!-- setup -->
        <test-method status="PASS" signature="SearchAssistTest()[pri:0, instance:sampleFramework.SampleTest@5c33e2dc]" name="SearchAssistTest" duration-ms="11298" started-at="2014-05-25T14:40:04Z" finished-at="2014-05-25T14:40:15Z">
          <reporter-output>
          </reporter-output>
        </test-method> <!-- SearchAssistTest -->
        <test-method status="PASS" signature="tearDown()[pri:0, instance:sampleFramework.SampleTest@5c33e2dc]" name="tearDown" is-config="true" duration-ms="85" started-at="2014-05-25T14:40:15Z" finished-at="2014-05-25T14:40:15Z">
          <reporter-output>
          </reporter-output>
        </test-method> <!-- tearDown -->
      </class> <!-- sampleFramework.SampleTest -->
    </test> <!-- Default test -->
  </suite> <!-- Default suite -->
</testng-results>
